<?xml version="1.0" encoding="UTF-8"?>
<!-- Generated by org.testng.reporters.JUnitXMLReporter -->
<testsuite hostname="DTWD24" ignored="8" name="GPMS Version" tests="3" failures="3" timestamp="18 Apr 2019 07:57:28 GMT" time="5.797" errors="0">
  <testcase name="homePage" time="5.093" classname="gpmsAutomation.gpmsMain.basicDetails">
    <failure type="java.lang.AssertionError" message="Failed: Test was run on v020200-tc3_#19 / 04.08.10 |Expected version and TC are 04.08.10 and tc2_#16">
      <![CDATA[java.lang.AssertionError: Failed: Test was run on v020200-tc3_#19 / 04.08.10 |Expected version and TC are 04.08.10 and tc2_#16
at gpmsAutomation.gpmsMain.basicDetails.homePage(basicDetails.java:52)
... Removed 26 stack frames]]>
    </failure>
  </testcase> <!-- homePage -->
  <testcase name="loginTST3" time="0.642" classname="gpmsAutomation.gpmsMain.basicDetails">
    <failure type="java.lang.AssertionError" message="Failed: GPMS LogIn Failed">
      <![CDATA[java.lang.AssertionError: Failed: GPMS LogIn Failed
at gpmsAutomation.gpmsMain.basicDetails.loginTST3(basicDetails.java:71)
... Removed 26 stack frames]]>
    </failure>
  </testcase> <!-- loginTST3 -->
  <testcase name="addEmployee" time="0.027" classname="gpmsAutomation.gpmsMain.addingNewDetails">
    <failure type="org.openqa.selenium.NoSuchElementException" message="no such element: Unable to locate element: {&amp;quot;method&amp;quot;:&amp;quot;xpath&amp;quot;,&amp;quot;selector&amp;quot;:&amp;quot;//table[@id=&amp;apos;iipHeader_tblHeader&amp;apos;]//input[@id=&amp;apos;iipHeader_txtValue&amp;apos;]&amp;quot;}
  (Session info: chrome=73.0.3683.103)
  (Driver info: chromedriver=2.46.628402 (536cd7adbad73a3783fdc2cab92ab2ba7ec361e1),platform=Windows NT 10.0.17763 x86_64) (WARNING: The server did not provide any stacktrace information)
Command duration or timeout: 0 milliseconds
For documentation on this error, please visit: https://www.seleniumhq.org/exceptions/no_such_element.html
Build info: version: &amp;apos;3.141.59&amp;apos;, revision: &amp;apos;e82be7d358&amp;apos;, time: &amp;apos;2018-11-14T08:25:48&amp;apos;
System info: host: &amp;apos;DTWD24&amp;apos;, ip: &amp;apos;10.0.1.27&amp;apos;, os.name: &amp;apos;Windows 10&amp;apos;, os.arch: &amp;apos;amd64&amp;apos;, os.version: &amp;apos;10.0&amp;apos;, java.version: &amp;apos;1.8.0_201&amp;apos;
Driver info: org.openqa.selenium.chrome.ChromeDriver
Capabilities {acceptInsecureCerts: false, acceptSslCerts: false, applicationCacheEnabled: false, browserConnectionEnabled: false, browserName: chrome, chrome: {chromedriverVersion: 2.46.628402 (536cd7adbad73a..., userDataDir: C:\Users\sribur19\AppData\L...}, cssSelectorsEnabled: true, databaseEnabled: false, goog:chromeOptions: {debuggerAddress: localhost:59298}, handlesAlerts: true, hasTouchScreen: false, javascriptEnabled: true, locationContextEnabled: true, mobileEmulationEnabled: false, nativeEvents: true, networkConnectionEnabled: false, pageLoadStrategy: normal, platform: XP, platformName: XP, proxy: Proxy(), rotatable: false, setWindowRect: true, strictFileInteractability: false, takesHeapSnapshot: true, takesScreenshot: true, timeouts: {implicit: 0, pageLoad: 300000, script: 30000}, unexpectedAlertBehaviour: ignore, unhandledPromptBehavior: ignore, version: 73.0.3683.103, webStorageEnabled: true}
Session ID: 341f363d6ad82a818f06896f69fdcb5c
*** Element info: {Using=xpath, value=//table[@id=&amp;apos;iipHeader_tblHeader&amp;apos;]//input[@id=&amp;apos;iipHeader_txtValue&amp;apos;]}">
      <![CDATA[org.openqa.selenium.NoSuchElementException: no such element: Unable to locate element: {"method":"xpath","selector":"//table[@id='iipHeader_tblHeader']//input[@id='iipHeader_txtValue']"}
  (Session info: chrome=73.0.3683.103)
  (Driver info: chromedriver=2.46.628402 (536cd7adbad73a3783fdc2cab92ab2ba7ec361e1),platform=Windows NT 10.0.17763 x86_64) (WARNING: The server did not provide any stacktrace information)
Command duration or timeout: 0 milliseconds
For documentation on this error, please visit: https://www.seleniumhq.org/exceptions/no_such_element.html
Build info: version: '3.141.59', revision: 'e82be7d358', time: '2018-11-14T08:25:48'
System info: host: 'DTWD24', ip: '10.0.1.27', os.name: 'Windows 10', os.arch: 'amd64', os.version: '10.0', java.version: '1.8.0_201'
Driver info: org.openqa.selenium.chrome.ChromeDriver
Capabilities {acceptInsecureCerts: false, acceptSslCerts: false, applicationCacheEnabled: false, browserConnectionEnabled: false, browserName: chrome, chrome: {chromedriverVersion: 2.46.628402 (536cd7adbad73a..., userDataDir: C:\Users\sribur19\AppData\L...}, cssSelectorsEnabled: true, databaseEnabled: false, goog:chromeOptions: {debuggerAddress: localhost:59298}, handlesAlerts: true, hasTouchScreen: false, javascriptEnabled: true, locationContextEnabled: true, mobileEmulationEnabled: false, nativeEvents: true, networkConnectionEnabled: false, pageLoadStrategy: normal, platform: XP, platformName: XP, proxy: Proxy(), rotatable: false, setWindowRect: true, strictFileInteractability: false, takesHeapSnapshot: true, takesScreenshot: true, timeouts: {implicit: 0, pageLoad: 300000, script: 30000}, unexpectedAlertBehaviour: ignore, unhandledPromptBehavior: ignore, version: 73.0.3683.103, webStorageEnabled: true}
Session ID: 341f363d6ad82a818f06896f69fdcb5c
*** Element info: {Using=xpath, value=//table[@id='iipHeader_tblHeader']//input[@id='iipHeader_txtValue']}
at org.openqa.selenium.remote.ErrorHandler.createThrowable(ErrorHandler.java:214)
at org.openqa.selenium.remote.ErrorHandler.throwIfResponseFailed(ErrorHandler.java:166)
at org.openqa.selenium.remote.http.JsonHttpResponseCodec.reconstructValue(JsonHttpResponseCodec.java:40)
at org.openqa.selenium.remote.http.AbstractHttpResponseCodec.decode(AbstractHttpResponseCodec.java:80)
at org.openqa.selenium.remote.http.AbstractHttpResponseCodec.decode(AbstractHttpResponseCodec.java:44)
at org.openqa.selenium.remote.HttpCommandExecutor.execute(HttpCommandExecutor.java:158)
at org.openqa.selenium.remote.service.DriverCommandExecutor.execute(DriverCommandExecutor.java:83)
at org.openqa.selenium.remote.RemoteWebDriver.execute(RemoteWebDriver.java:552)
at org.openqa.selenium.remote.RemoteWebDriver.findElement(RemoteWebDriver.java:323)
at org.openqa.selenium.remote.RemoteWebDriver.findElementByXPath(RemoteWebDriver.java:428)
at org.openqa.selenium.By$ByXPath.findElement(By.java:353)
at org.openqa.selenium.remote.RemoteWebDriver.findElement(RemoteWebDriver.java:315)
at gpmsAutomation.gpmsMain.addingNewDetails.addEmployee(addingNewDetails.java:34)
... Removed 29 stack frames]]>
    </failure>
  </testcase> <!-- addEmployee -->
  <testcase name="homePage" time="0.0" classname="gpmsAutomation.gpmsMain.basicDetails">
    <ignored/>
  </testcase> <!-- homePage -->
  <testcase name="editPayrollPeriods" time="0.0" classname="gpmsAutomation.gpmsMain.addingNewDetails">
    <ignored/>
  </testcase> <!-- editPayrollPeriods -->
  <testcase name="createPayrollAssignment" time="0.0" classname="gpmsAutomation.gpmsMain.addingNewDetails">
    <ignored/>
  </testcase> <!-- createPayrollAssignment -->
  <testcase name="addNewElementType" time="0.0" classname="gpmsAutomation.gpmsMain.addingNewDetails">
    <ignored/>
  </testcase> <!-- addNewElementType -->
  <testcase name="addNewOrgUnit" time="0.0" classname="gpmsAutomation.gpmsMain.addingNewDetails">
    <ignored/>
  </testcase> <!-- addNewOrgUnit -->
  <testcase name="addPayroll" time="0.0" classname="gpmsAutomation.gpmsMain.addingNewDetails">
    <ignored/>
  </testcase> <!-- addPayroll -->
  <testcase name="addNewCompany" time="0.0" classname="gpmsAutomation.gpmsMain.addingNewDetails">
    <ignored/>
  </testcase> <!-- addNewCompany -->
  <testcase name="loginTST3" time="0.0" classname="gpmsAutomation.gpmsMain.basicDetails">
    <ignored/>
  </testcase> <!-- loginTST3 -->
</testsuite> <!-- GPMS Version -->
